<?xml version="1.0" encoding="utf-8"?><testsuites><testsuite name="pytest" errors="0" failures="0" skipped="0" tests="6" time="25.565" timestamp="2022-01-14T16:08:43.488876" hostname="DESKTOP-V5O7J68"><testcase classname="tests.test_contact_page.ContactPageTests" name="test_contact_us_button_click" time="7.921" /><testcase classname="tests.test_contact_page.ContactPageTests" name="test_select_subject_heading" time="1.664" /><testcase classname="tests.test_contact_page.ContactPageTests" name="test_send_message_without_attachment" time="3.376" /><testcase classname="tests.test_contact_page.ContactPageTests" name="test_send_message_without_subject_and_attachment" time="3.168" /><testcase classname="tests.test_contact_page.ContactPageTests" name="test_send_empty_message" time="3.771" /><testcase classname="tests.test_contact_page.ContactPageTests" name="test_send_message_without_email_address" time="5.571" /></testsuite></testsuites>